{"level":"info","message":"Server running on port 3000","timestamp":"2025-03-25T17:29:07.188Z"}
{"level":"info","message":"Server running on port 3000","timestamp":"2025-03-25T17:36:31.884Z"}
{"level":"info","message":"Server running on port 3000","timestamp":"2025-03-25T17:37:37.042Z"}
{"level":"info","message":"Server running on port 3000","timestamp":"2025-03-25T17:39:18.308Z"}
{"level":"info","message":"User connected: abda0295 (hFANdUGVB-vmGfB8AAAD)","timestamp":"2025-03-25T17:39:24.559Z"}
{"level":"info","message":"User connected: bigdeal99 (8iLbviHjD2FYeXoxAAAH)","timestamp":"2025-03-25T17:39:39.755Z"}
{"level":"info","message":"Message routed: abda0295 -> bigdeal99","timestamp":"2025-03-25T17:39:42.747Z"}
{"level":"info","message":"Message routed: bigdeal99 -> abda0295","timestamp":"2025-03-25T17:39:58.838Z"}
{"level":"info","message":"User disconnected: bigdeal99","timestamp":"2025-03-25T17:47:44.727Z"}
{"level":"info","message":"Server running on port 3000","timestamp":"2025-03-25T18:18:23.748Z"}
{"level":"info","message":"User connected: abda0295 (RMppkqhotILiVdwaAAAD)","timestamp":"2025-03-25T18:18:38.278Z"}
{"level":"info","message":"User disconnected: abda0295","timestamp":"2025-03-25T18:18:40.129Z"}
{"level":"info","message":"Server running on port 3000","timestamp":"2025-03-25T19:47:25.093Z"}
{"level":"error","message":"Connection rejected: undefined","timestamp":"2025-03-25T19:47:39.623Z"}
{"level":"info","message":"Server running on port 3000","timestamp":"2025-03-25T19:52:45.539Z"}
{"level":"info","message":"Server running on port 3000","timestamp":"2025-03-25T19:55:13.706Z"}
{"level":"info","message":"Server running on port 3000","timestamp":"2025-03-25T19:55:36.393Z"}
{"level":"info","message":"Server running on port 3000","timestamp":"2025-03-25T19:56:43.491Z"}
{"level":"info","message":"Server running on port 3000","timestamp":"2025-03-25T19:57:34.112Z"}
{"level":"info","message":"Server running on port 3000","timestamp":"2025-03-25T19:58:36.387Z"}
{"level":"info","message":"Server running on port 3000","timestamp":"2025-03-25T19:59:51.216Z"}
{"level":"info","message":"Server running on port 3000","timestamp":"2025-03-25T20:04:31.248Z"}
